build2/app/outputs/mapping/release/mapping.txt
# compiler: R8
# compiler_version: 2.1.62
# min_api: 16
# pg_map_id: 164e5c1
# common_typos_disable
...
com.google.gson.internal.LinkedTreeMap$KeySet$1 -> b.a.c.w.h$c$a:
com.google.gson.internal.LinkedTreeMap$LinkedTreeMapIterator -> b.a.c.w.h$d:
    com.google.gson.internal.LinkedTreeMap$Node lastReturned -> b
    com.google.gson.internal.LinkedTreeMap this$0 -> d
    com.google.gson.internal.LinkedTreeMap$Node next -> a
    int expectedModCount -> c
    com.google.gson.internal.LinkedTreeMap$Node nextNode() -> a
com.google.gson.internal.LinkedTreeMap$Node -> b.a.c.w.h$e:
    java.lang.Object key -> f
    java.lang.Object value -> g
    int height -> h
    com.google.gson.internal.LinkedTreeMap$Node left -> b
    com.google.gson.internal.LinkedTreeMap$Node right -> c
    com.google.gson.internal.LinkedTreeMap$Node parent -> a
    com.google.gson.internal.LinkedTreeMap$Node next -> d
    com.google.gson.internal.LinkedTreeMap$Node prev -> e
    com.google.gson.internal.LinkedTreeMap$Node first() -> a
    com.google.gson.internal.LinkedTreeMap$Node last() -> b
com.google.gson.internal.ObjectConstructor -> b.a.c.w.i:
    java.lang.Object construct() -> a
com.google.gson.internal.PreJava9DateFormatProvider -> b.a.c.w.j:
    java.lang.String getDatePartOfDateTimePattern(int) -> a
    java.lang.String getTimePartOfDateTimePattern(int) -> b
    java.text.DateFormat getUSDateTimeFormat(int,int) -> c
com.google.gson.internal.Primitives -> b.a.c.w.k:
    java.util.Map PRIMITIVE_TO_WRAPPER_TYPE -> a
    void add(java.util.Map,java.util.Map,java.lang.Class,java.lang.Class) -> a
    boolean isPrimitive(java.lang.reflect.Type) -> b
    java.lang.Class wrap(java.lang.Class) -> c
com.google.gson.internal.Streams -> b.a.c.w.l:
    com.google.gson.JsonElement parse(com.google.gson.stream.JsonReader) -> a
    void write(com.google.gson.JsonElement,com.google.gson.stream.JsonWriter) -> b
    java.io.Writer writerForAppendable(java.lang.Appendable) -> c
com.google.gson.internal.Streams$AppendableWriter -> b.a.c.w.l$a:
    com.google.gson.internal.Streams$AppendableWriter$CurrentWrite currentWrite -> b
    java.lang.Appendable appendable -> a
com.google.gson.internal.Streams$AppendableWriter$CurrentWrite -> b.a.c.w.l$a$a:
    char[] chars -> a
com.google.gson.internal.UnsafeAllocator -> b.a.c.w.m:
    void assertInstantiable(java.lang.Class) -> a
    com.google.gson.internal.UnsafeAllocator create() -> b
    java.lang.Object newInstance(java.lang.Class) -> c
com.google.gson.internal.UnsafeAllocator$1 -> b.a.c.w.m$a:
    java.lang.Object val$unsafe -> b
    java.lang.reflect.Method val$allocateInstance -> a
    java.lang.Object newInstance(java.lang.Class) -> c
com.google.gson.internal.UnsafeAllocator$2 -> b.a.c.w.m$b:
    int val$constructorId -> b
    java.lang.reflect.Method val$newInstance -> a
    java.lang.Object newInstance(java.lang.Class) -> c
com.google.gson.internal.UnsafeAllocator$3 -> b.a.c.w.m$c:
    java.lang.reflect.Method val$newInstance -> a
    java.lang.Object newInstance(java.lang.Class) -> c
com.google.gson.internal.UnsafeAllocator$4 -> b.a.c.w.m$d:
    java.lang.Object newInstance(java.lang.Class) -> c
com.google.gson.internal.bind.ArrayTypeAdapter -> b.a.c.w.n.a:
    com.google.gson.TypeAdapterFactory FACTORY -> c
    com.google.gson.TypeAdapter componentTypeAdapter -> b
    java.lang.Class componentType -> a
    java.lang.Object read(com.google.gson.stream.JsonReader) -> b
    void write(com.google.gson.stream.JsonWriter,java.lang.Object) -> d
com.google.gson.internal.bind.ArrayTypeAdapter$1 -> b.a.c.w.n.a$a:
    com.google.gson.TypeAdapter create(com.google.gson.Gson,com.google.gson.reflect.TypeToken) -> a
com.google.gson.internal.bind.CollectionTypeAdapterFactory -> b.a.c.w.n.b:
    com.google.gson.internal.ConstructorConstructor constructorConstructor -> a
    com.google.gson.TypeAdapter create(com.google.gson.Gson,com.google.gson.reflect.TypeToken) -> a