build2/app/outputs/mapping/release/usage.txt
com.google.android.gms.internal.firebase_auth.zzll
com.google.gson.internal.PreJava9DateFormatProvider:
    public void <init>()
    public static java.text.DateFormat getUSDateFormat(int)
    private static java.lang.String getDateFormatPattern(int)
kotlin.jvm.functions.Function0
com.google.firebase.auth.internal.zzah
kotlin.jvm.internal.PropertyReference1Impl
kotlin.collections.EmptyIterator
com.google.firebase.internal.DataCollectionConfigStorage:
    public boolean isEnabled()
    public void setEnabled(boolean)
    private static final java.lang.String FIREBASE_APP_PREFS
    public static final java.lang.String DATA_COLLECTION_DEFAULT_ENABLED
androidx.core.text.util.FindAddress
com.google.android.gms.internal.firebase_auth.zzge
kotlin.jvm.JvmField
kotlin.jvm.functions.Function12
kotlin.ranges.UIntProgression
com.google.android.gms.common.api.internal.zaw
androidx.core.view.ActionProvider$VisibilityListener
com.google.android.gms.common.api.internal.RegistrationMethods$Builder
com.google.android.gms.auth.api.signin.zad
com.google.android.gms.internal.firebase_auth.zzal
com.google.android.gms.common.images.ImageManager$zac
androidx.annotation.ContentView
androidx.core.view.accessibility.AccessibilityViewCommand$MoveHtmlArguments
kotlin.coroutines.jvm.internal.CoroutineStackFrame
androidx.core.provider.FontsContractCompat$4$2
com.google.android.gms.internal.common.zze:
    public void <init>()
androidx.fragment.R$styleable
kotlin.coroutines.jvm.internal.RestrictedContinuationImpl
com.google.firebase.auth.FirebaseAuth:
    public java.lang.String getUid()
    public com.google.firebase.FirebaseApp getApp()
    public void addIdTokenListener(com.google.firebase.auth.FirebaseAuth$IdTokenListener)
    public void addIdTokenListener(com.google.firebase.auth.internal.IdTokenListener)
    public void removeIdTokenListener(com.google.firebase.auth.FirebaseAuth$IdTokenListener)
    public void removeIdTokenListener(com.google.firebase.auth.internal.IdTokenListener)
    public final com.google.android.gms.tasks.Task zza(com.google.firebase.auth.FirebaseUser,com.google.firebase.auth.AuthCredential)
    public com.google.android.gms.tasks.Task signInWithEmailAndPassword(java.lang.String,java.lang.String)
    public com.google.android.gms.tasks.Task updateCurrentUser(com.google.firebase.auth.FirebaseUser)
    public com.google.android.gms.tasks.Task checkActionCode(java.lang.String)
    public com.google.android.gms.tasks.Task applyActionCode(java.lang.String)
    public com.google.android.gms.tasks.Task verifyPasswordResetCode(java.lang.String)
    public com.google.android.gms.tasks.Task startActivityForSignInWithProvider(android.app.Activity,com.google.firebase.auth.FederatedAuthProvider)
    public final com.google.android.gms.tasks.Task zza(android.app.Activity,com.google.firebase.auth.FederatedAuthProvider,com.google.firebase.auth.FirebaseUser)
com.google.android.gms.common.ProGuardCanary
kotlin.jvm.internal.TypeReference$asString$args$1
com.google.android.gms.internal.firebase_auth.zzgv
androidx.collection.SimpleArrayMap:
    public void <init>(androidx.collection.SimpleArrayMap)
    public void putAll(androidx.collection.SimpleArrayMap)
    private static final boolean DEBUG
    private static final java.lang.String TAG
    private static final boolean CONCURRENT_MODIFICATION_EXCEPTIONS
    private static final int BASE_SIZE
    private static final int CACHE_SIZE
androidx.core.graphics.TypefaceCompat
kotlin.contracts.ContractBuilderKt
kotlin.sequences.DropSequence
kotlin.coroutines.jvm.internal.Boxing
kotlin.collections.ArraysKt___ArraysKt$asIterable$$inlined$Iterable$3
androidx.viewpager.R$integer
kotlin.concurrent.ThreadsKt
com.google.android.gms.internal.firebase_auth.zzp$zzq
io.flutter.plugin.editing.ListenableEditingState:
    private static final java.lang.String TAG
kotlin.collections.ArraysKt___ArraysJvmKt
androidx.core.text.util.LinkifyCompat$LinkifyMask
com.google.android.gms.common.images.ImageManager